{
  "RSpec": {
    "coverage": {
      "/Users/dambarpun/Projects/GITHUB/opensource/openmrs/rails/medical_record_management/app/helpers/announcements_helper.rb": {
        "lines": [
          1,
          null
        ],
        "branches": {}
      },
      "/Users/dambarpun/Projects/GITHUB/opensource/openmrs/rails/medical_record_management/app/helpers/application_helper.rb": {
        "lines": [
          1,
          null
        ],
        "branches": {}
      },
      "/Users/dambarpun/Projects/GITHUB/opensource/openmrs/rails/medical_record_management/app/channels/application_cable/connection.rb": {
        "lines": [
          0,
          0,
          0,
          null,
          0,
          0,
          0,
          null,
          0,
          0,
          0,
          0,
          0,
          0,
          0,
          0
        ],
        "branches": {}
      },
      "/Users/dambarpun/Projects/GITHUB/opensource/openmrs/rails/medical_record_management/app/controllers/announcements_controller.rb": {
        "lines": [
          0,
          0,
          null,
          null,
          0,
          0,
          0,
          null,
          null,
          0,
          0,
          null,
          null,
          0,
          0,
          0,
          null,
          null,
          0,
          0,
          null,
          null,
          0,
          0,
          null,
          0,
          0,
          0,
          0,
          0,
          0,
          0,
          0,
          0,
          0,
          null,
          null,
          0,
          0,
          0,
          0,
          0,
          0,
          0,
          0,
          0,
          0,
          0,
          null,
          null,
          0,
          0,
          null,
          0,
          0,
          0,
          0,
          0,
          null,
          0,
          null,
          0,
          0,
          0,
          null,
          null,
          0,
          0,
          0,
          0
        ],
        "branches": {}
      },
      "/Users/dambarpun/Projects/GITHUB/opensource/openmrs/rails/medical_record_management/app/controllers/application_controller.rb": {
        "lines": [
          0,
          0,
          null,
          0,
          0
        ],
        "branches": {}
      },
      "/Users/dambarpun/Projects/GITHUB/opensource/openmrs/rails/medical_record_management/app/controllers/concerns/authentication.rb": {
        "lines": [
          0,
          0,
          null,
          0,
          0,
          0,
          0,
          null,
          0,
          0,
          0,
          0,
          0,
          null,
          0,
          0,
          0,
          0,
          null,
          0,
          0,
          0,
          null,
          0,
          0,
          0,
          null,
          0,
          0,
          0,
          null,
          0,
          0,
          0,
          0,
          null,
          0,
          0,
          0,
          null,
          0,
          0,
          0,
          0,
          0,
          0,
          null,
          0,
          0,
          0,
          0,
          0
        ],
        "branches": {}
      },
      "/Users/dambarpun/Projects/GITHUB/opensource/openmrs/rails/medical_record_management/app/controllers/passwords_controller.rb": {
        "lines": [
          0,
          0,
          0,
          null,
          0,
          0,
          null,
          0,
          0,
          0,
          0,
          null,
          0,
          0,
          null,
          0,
          0,
          null,
          0,
          0,
          0,
          0,
          0,
          0,
          0,
          null,
          0,
          0,
          0,
          0,
          0,
          0,
          0
        ],
        "branches": {}
      },
      "/Users/dambarpun/Projects/GITHUB/opensource/openmrs/rails/medical_record_management/app/controllers/sessions_controller.rb": {
        "lines": [
          0,
          0,
          0,
          null,
          0,
          0,
          null,
          0,
          0,
          0,
          0,
          0,
          0,
          0,
          0,
          null,
          0,
          0,
          0,
          0,
          0
        ],
        "branches": {}
      },
      "/Users/dambarpun/Projects/GITHUB/opensource/openmrs/rails/medical_record_management/app/jobs/application_job.rb": {
        "lines": [
          0,
          null,
          null,
          null,
          null,
          null,
          0
        ],
        "branches": {}
      },
      "/Users/dambarpun/Projects/GITHUB/opensource/openmrs/rails/medical_record_management/app/mailers/application_mailer.rb": {
        "lines": [
          0,
          0,
          0,
          0
        ],
        "branches": {}
      },
      "/Users/dambarpun/Projects/GITHUB/opensource/openmrs/rails/medical_record_management/app/mailers/passwords_mailer.rb": {
        "lines": [
          0,
          0,
          0,
          0,
          0,
          0
        ],
        "branches": {}
      },
      "/Users/dambarpun/Projects/GITHUB/opensource/openmrs/rails/medical_record_management/app/models/allergen.rb": {
        "lines": [
          0,
          0
        ],
        "branches": {}
      },
      "/Users/dambarpun/Projects/GITHUB/opensource/openmrs/rails/medical_record_management/app/models/announcement.rb": {
        "lines": [
          0,
          0
        ],
        "branches": {}
      },
      "/Users/dambarpun/Projects/GITHUB/opensource/openmrs/rails/medical_record_management/app/models/application_record.rb": {
        "lines": [
          0,
          0,
          0
        ],
        "branches": {}
      },
      "/Users/dambarpun/Projects/GITHUB/opensource/openmrs/rails/medical_record_management/app/models/concerns/changable.rb": {
        "lines": [
          0,
          0,
          0
        ],
        "branches": {}
      },
      "/Users/dambarpun/Projects/GITHUB/opensource/openmrs/rails/medical_record_management/app/models/current.rb": {
        "lines": [
          0,
          0,
          0,
          0
        ],
        "branches": {}
      },
      "/Users/dambarpun/Projects/GITHUB/opensource/openmrs/rails/medical_record_management/app/models/role.rb": {
        "lines": [
          0,
          0,
          null,
          0,
          0,
          null,
          0,
          0,
          0,
          0,
          0,
          null,
          0,
          0
        ],
        "branches": {}
      },
      "/Users/dambarpun/Projects/GITHUB/opensource/openmrs/rails/medical_record_management/app/models/session.rb": {
        "lines": [
          0,
          0,
          0
        ],
        "branches": {}
      },
      "/Users/dambarpun/Projects/GITHUB/opensource/openmrs/rails/medical_record_management/app/models/user.rb": {
        "lines": [
          0,
          0,
          0,
          0,
          null,
          0,
          0
        ],
        "branches": {}
      },
      "/Users/dambarpun/Projects/GITHUB/opensource/openmrs/rails/medical_record_management/app/policies/application_policy.rb": {
        "lines": [
          null,
          null,
          0,
          0,
          null,
          0,
          0,
          0,
          0,
          null,
          0,
          0,
          0,
          null,
          0,
          0,
          0,
          null,
          0,
          0,
          0,
          null,
          0,
          0,
          0,
          null,
          0,
          0,
          0,
          null,
          0,
          0,
          0,
          null,
          0,
          0,
          0,
          null,
          0,
          0,
          0,
          0,
          0,
          null,
          0,
          0,
          0,
          null,
          0,
          null,
          0,
          0,
          0
        ],
        "branches": {}
      }
    },
    "timestamp": 1743340944
  }
}
